<?xml version="1.0" encoding="UTF-8"?>
<testsuite name="hello.hello_spring.service.MemberServiceTest" tests="4" skipped="0" failures="0" errors="0" timestamp="2024-09-19T06:00:02" hostname="seonui-MacBookPro.local" time="0.045">
  <properties/>
  <testcase name="findOne()" classname="hello.hello_spring.service.MemberServiceTest" time="0.01"/>
  <testcase name="중복_회원_예외()" classname="hello.hello_spring.service.MemberServiceTest" time="0.031"/>
  <testcase name="회원가입()" classname="hello.hello_spring.service.MemberServiceTest" time="0.001"/>
  <testcase name="findMembers()" classname="hello.hello_spring.service.MemberServiceTest" time="0.001"/>
  <system-out><![CDATA[]]></system-out>
  <system-err><![CDATA[]]></system-err>
</testsuite>
